<?xml version="1.0" encoding="UTF-8"?>
<!-- Generated by org.testng.reporters.JUnitReportReporter -->
<testsuite hostname="sam" failures="0" tests="1" name="tests.LoginTest" time="2.970" errors="0" timestamp="2025-04-10T11:33:19 CDT" skipped="0">
  <testcase classname="tests.LoginTest" name="testValidLogin" time="2.970"/>
</testsuite> <!-- tests.LoginTest -->
