<?xml version="1.0" encoding="UTF-8"?>
<!-- Generated by org.testng.reporters.JUnitReportReporter -->
<testsuite hostname="sam" failures="0" tests="1" name="tests.LoginTest" time="3.735" errors="0" timestamp="2025-04-10T10:15:20 CDT" skipped="0">
  <testcase classname="tests.LoginTest" name="testValidLogin" time="3.735"/>
</testsuite> <!-- tests.LoginTest -->
